TN:
SF:src\features\random-team-generator\utils\teamGenerator.ts
FN:10,(anonymous_1)
FN:12,(anonymous_2)
FN:27,(anonymous_3)
FN:47,(anonymous_4)
FN:49,(anonymous_5)
FN:51,(anonymous_6)
FN:60,(anonymous_7)
FN:62,(anonymous_8)
FN:63,(anonymous_9)
FNF:9
FNH:3
FNDA:3,(anonymous_1)
FNDA:17,(anonymous_2)
FNDA:11,(anonymous_3)
FNDA:0,(anonymous_4)
FNDA:0,(anonymous_5)
FNDA:0,(anonymous_6)
FNDA:0,(anonymous_7)
FNDA:0,(anonymous_8)
FNDA:0,(anonymous_9)
DA:6,3
DA:12,17
DA:15,3
DA:16,3
DA:19,3
DA:20,3
DA:22,3
DA:23,8
DA:24,8
DA:27,11
DA:32,8
DA:38,8
DA:41,3
DA:48,0
DA:50,0
DA:51,0
DA:52,0
DA:62,0
DA:63,0
DA:71,0
LF:20
LH:13
BRDA:23,0,0,1
BRDA:23,0,1,7
BRF:2
BRH:2
end_of_record
TN:
SF:src\shared\components\AuthErrorNotification.tsx
FN:15,(anonymous_4)
FNF:1
FNH:1
FNDA:2,(anonymous_4)
DA:1,1
DA:2,1
DA:15,2
DA:21,2
DA:35,1
LF:5
LH:5
BRF:0
BRH:0
end_of_record
TN:
SF:src\shared\hooks\useNetworkStatus.ts
FN:18,useNetworkStatus
FN:23,(anonymous_2)
FN:24,(anonymous_3)
FN:29,(anonymous_4)
FN:38,(anonymous_5)
FNF:5
FNH:5
FNDA:5,useNetworkStatus
FNDA:3,(anonymous_2)
FNDA:1,(anonymous_3)
FNDA:1,(anonymous_4)
FNDA:3,(anonymous_5)
DA:6,1
DA:18,5
DA:19,5
DA:21,5
DA:23,5
DA:24,3
DA:25,1
DA:26,1
DA:29,3
DA:30,1
DA:31,1
DA:35,3
DA:36,3
DA:38,3
DA:39,3
DA:40,3
DA:44,5
LF:17
LH:17
BRF:0
BRH:0
end_of_record
TN:
SF:src\shared\services\authStorage.ts
FN:57,(anonymous_2)
FN:62,(anonymous_3)
FN:70,(anonymous_4)
FN:78,(anonymous_5)
FN:84,(anonymous_6)
FN:101,(anonymous_7)
FN:113,(anonymous_8)
FN:123,(anonymous_9)
FN:124,(anonymous_10)
FN:141,(anonymous_11)
FN:153,(anonymous_12)
FN:159,(anonymous_13)
FN:167,(anonymous_14)
FN:185,(anonymous_15)
FN:232,(anonymous_16)
FN:247,(anonymous_17)
FN:261,(anonymous_18)
FN:267,(anonymous_19)
FN:274,(anonymous_20)
FN:280,(anonymous_21)
FN:286,(anonymous_22)
FN:301,(anonymous_23)
FN:313,(anonymous_24)
FN:329,(anonymous_25)
FN:351,(anonymous_26)
FN:376,(anonymous_27)
FN:398,(anonymous_28)
FN:413,(anonymous_29)
FNF:28
FNH:13
FNDA:4,(anonymous_2)
FNDA:1,(anonymous_3)
FNDA:0,(anonymous_4)
FNDA:0,(anonymous_5)
FNDA:0,(anonymous_6)
FNDA:1,(anonymous_7)
FNDA:0,(anonymous_8)
FNDA:0,(anonymous_9)
FNDA:0,(anonymous_10)
FNDA:2,(anonymous_11)
FNDA:0,(anonymous_12)
FNDA:0,(anonymous_13)
FNDA:0,(anonymous_14)
FNDA:1,(anonymous_15)
FNDA:1,(anonymous_16)
FNDA:1,(anonymous_17)
FNDA:0,(anonymous_18)
FNDA:0,(anonymous_19)
FNDA:0,(anonymous_20)
FNDA:0,(anonymous_21)
FNDA:0,(anonymous_22)
FNDA:1,(anonymous_23)
FNDA:2,(anonymous_24)
FNDA:1,(anonymous_25)
FNDA:2,(anonymous_26)
FNDA:0,(anonymous_27)
FNDA:1,(anonymous_28)
FNDA:1,(anonymous_29)
DA:38,2
DA:39,2
DA:40,2
DA:41,2
DA:44,2
DA:47,2
DA:50,2
DA:51,2
DA:52,2
DA:58,4
DA:59,3
DA:62,1
DA:63,1
DA:64,1
DA:65,1
DA:68,0
DA:70,0
DA:71,0
DA:75,0
DA:78,0
DA:79,0
DA:80,0
DA:81,0
DA:84,0
DA:85,0
DA:88,0
DA:89,0
DA:90,0
DA:95,1
DA:102,1
DA:103,0
DA:106,1
DA:107,1
DA:109,0
DA:110,0
DA:113,0
DA:114,0
DA:115,0
DA:117,0
DA:123,0
DA:124,0
DA:125,0
DA:126,0
DA:130,1
DA:134,1
DA:142,2
DA:143,0
DA:146,2
DA:147,2
DA:149,0
DA:150,0
DA:153,0
DA:154,0
DA:155,0
DA:157,0
DA:159,0
DA:160,0
DA:161,0
DA:163,0
DA:167,0
DA:168,0
DA:172,0
DA:176,2
DA:177,2
DA:186,1
DA:187,1
DA:188,1
DA:191,1
DA:192,1
DA:193,1
DA:194,0
DA:195,0
DA:197,1
DA:203,1
DA:204,1
DA:205,1
DA:206,1
DA:208,0
DA:213,1
DA:214,0
DA:217,0
DA:218,0
DA:221,1
DA:233,1
DA:234,1
DA:235,1
DA:239,0
DA:240,0
DA:248,1
DA:249,0
DA:250,0
DA:253,1
DA:254,1
DA:256,0
DA:257,0
DA:258,0
DA:261,0
DA:262,0
DA:263,0
DA:265,0
DA:267,0
DA:268,0
DA:271,0
DA:274,0
DA:275,0
DA:276,0
DA:277,0
DA:280,0
DA:281,0
DA:282,0
DA:283,0
DA:286,0
DA:287,0
DA:288,0
DA:289,0
DA:293,1
DA:294,1
DA:302,1
DA:303,1
DA:305,0
DA:306,0
DA:314,2
DA:315,2
DA:316,2
DA:317,1
DA:319,1
DA:321,0
DA:322,0
DA:330,1
DA:331,1
DA:332,1
DA:334,0
DA:336,0
DA:340,1
DA:344,1
DA:352,2
DA:353,2
DA:354,2
DA:355,2
DA:356,0
DA:359,2
DA:361,0
DA:365,0
DA:369,0
DA:377,0
DA:378,0
DA:381,0
DA:382,0
DA:383,0
DA:384,0
DA:385,0
DA:390,0
DA:391,0
DA:399,1
DA:400,1
DA:401,1
DA:403,0
DA:404,0
DA:406,0
DA:418,1
DA:420,1
DA:423,1
DA:425,1
DA:426,0
DA:427,1
DA:428,1
DA:430,0
DA:433,1
DA:442,6
LF:169
LH:75
BRDA:58,0,0,3
BRDA:58,0,1,1
BRDA:63,1,0,1
BRDA:63,1,1,0
BRDA:88,2,0,0
BRDA:88,2,1,0
BRDA:102,3,0,0
BRDA:102,3,1,1
BRDA:109,4,0,0
BRDA:109,4,1,0
BRDA:142,5,0,0
BRDA:142,5,1,2
BRDA:149,6,0,0
BRDA:149,6,1,0
BRDA:160,7,0,0
BRDA:160,7,1,0
BRDA:191,8,0,1
BRDA:191,8,1,0
BRDA:213,9,0,0
BRDA:213,9,1,1
BRDA:213,10,0,1
BRDA:213,10,1,1
BRDA:248,11,0,0
BRDA:248,11,1,1
BRDA:256,12,0,0
BRDA:256,12,1,0
BRDA:316,13,0,1
BRDA:316,13,1,1
BRDA:331,14,0,1
BRDA:331,14,1,0
BRDA:353,15,0,2
BRDA:353,15,1,0
BRDA:355,16,0,0
BRDA:355,16,1,2
BRDA:377,17,0,0
BRDA:377,17,1,0
BRDA:383,18,0,0
BRDA:383,18,1,0
BRDA:400,19,0,1
BRDA:400,19,1,0
BRDA:400,20,0,1
BRDA:400,20,1,1
BRDA:404,21,0,0
BRDA:404,21,1,0
BRDA:420,22,0,1
BRDA:420,22,1,1
BRDA:425,23,0,0
BRDA:425,23,1,1
BRDA:425,24,0,1
BRDA:425,24,1,1
BRDA:427,25,0,1
BRDA:427,25,1,0
BRF:52
BRH:24
end_of_record
TN:
SF:src\shared\services\backgroundSync.ts
FN:35,(anonymous_4)
FN:42,(anonymous_5)
FN:55,(anonymous_6)
FN:75,(anonymous_7)
FN:83,(anonymous_8)
FN:105,(anonymous_9)
FN:114,(anonymous_10)
FN:118,(anonymous_11)
FN:126,(anonymous_12)
FN:136,(anonymous_13)
FN:144,(anonymous_14)
FN:149,(anonymous_15)
FN:157,(anonymous_16)
FN:171,(anonymous_17)
FN:28,(anonymous_18)
FNF:15
FNH:8
FNDA:1,(anonymous_4)
FNDA:0,(anonymous_5)
FNDA:6,(anonymous_6)
FNDA:2,(anonymous_7)
FNDA:0,(anonymous_8)
FNDA:1,(anonymous_9)
FNDA:0,(anonymous_10)
FNDA:5,(anonymous_11)
FNDA:2,(anonymous_12)
FNDA:0,(anonymous_13)
FNDA:0,(anonymous_14)
FNDA:0,(anonymous_15)
FNDA:0,(anonymous_16)
FNDA:7,(anonymous_17)
FNDA:6,(anonymous_18)
DA:6,1
DA:7,1
DA:15,1
DA:22,6
DA:23,6
DA:24,6
DA:25,6
DA:26,6
DA:29,6
DA:36,1
DA:38,1
DA:39,1
DA:42,1
DA:43,0
DA:47,1
DA:49,1
DA:56,6
DA:58,1
DA:59,1
DA:60,1
DA:63,1
DA:64,1
DA:65,1
DA:68,1
DA:69,1
DA:76,2
DA:77,2
DA:84,0
DA:85,0
DA:87,0
DA:88,0
DA:89,0
DA:91,0
DA:92,0
DA:94,0
DA:98,0
DA:106,1
DA:114,1
DA:115,0
DA:118,1
DA:119,5
DA:127,2
DA:128,0
DA:132,2
DA:136,2
DA:137,0
DA:145,0
DA:149,0
DA:150,0
DA:158,0
DA:159,0
DA:161,0
DA:162,0
DA:163,0
DA:164,0
DA:172,7
DA:181,1
DA:182,5
LF:58
LH:36
BRDA:36,0,0,0
BRDA:36,0,1,1
BRDA:56,1,0,5
BRDA:56,1,1,1
BRDA:58,2,0,1
BRDA:58,2,1,0
BRDA:63,3,0,1
BRDA:63,3,1,0
BRDA:87,4,0,0
BRDA:87,4,1,0
BRDA:91,5,0,0
BRDA:91,5,1,0
BRDA:127,6,0,0
BRDA:127,6,1,2
BRDA:161,7,0,0
BRDA:161,7,1,0
BRDA:28,8,0,1
BRF:17
BRH:7
end_of_record
TN:
SF:src\shared\services\tokenRefresh.ts
FN:52,(anonymous_4)
FN:74,(anonymous_5)
FN:106,(anonymous_6)
FN:158,(anonymous_7)
FN:195,(anonymous_8)
FN:203,(anonymous_9)
FN:204,(anonymous_10)
FN:210,(anonymous_11)
FN:225,(anonymous_12)
FN:45,(anonymous_13)
FNF:10
FNH:10
FNDA:3,(anonymous_4)
FNDA:7,(anonymous_5)
FNDA:5,(anonymous_6)
FNDA:4,(anonymous_7)
FNDA:3,(anonymous_8)
FNDA:3,(anonymous_9)
FNDA:3,(anonymous_10)
FNDA:2,(anonymous_11)
FNDA:11,(anonymous_12)
FNDA:11,(anonymous_13)
DA:14,2
DA:32,2
DA:40,11
DA:41,11
DA:42,11
DA:43,11
DA:46,11
DA:53,3
DA:54,3
DA:55,3
DA:56,2
DA:59,1
DA:60,1
DA:61,1
DA:62,1
DA:64,1
DA:66,0
DA:67,0
DA:75,7
DA:76,1
DA:79,6
DA:80,6
DA:82,6
DA:84,6
DA:85,6
DA:86,1
DA:87,1
DA:90,5
DA:91,5
DA:92,5
DA:93,5
DA:95,0
DA:96,0
DA:107,5
DA:108,5
DA:109,8
DA:111,8
DA:113,4
DA:114,4
DA:115,4
DA:119,0
DA:124,0
DA:128,0
DA:129,0
DA:130,0
DA:131,0
DA:133,0
DA:135,4
DA:136,4
DA:137,1
DA:138,1
DA:141,3
DA:142,3
DA:143,3
DA:147,1
DA:159,4
DA:161,4
DA:162,4
DA:163,0
DA:168,4
DA:178,4
DA:180,4
DA:185,0
DA:196,3
DA:197,3
DA:204,3
DA:215,2
DA:226,11
DA:227,11
DA:228,11
DA:233,5
DA:236,11
LF:72
LH:59
BRDA:55,0,0,2
BRDA:55,0,1,1
BRDA:55,1,0,1
BRDA:55,1,1,4
BRDA:55,2,0,3
BRDA:55,2,1,2
BRDA:55,3,0,2
BRDA:55,3,1,2
BRDA:75,4,0,1
BRDA:75,4,1,6
BRDA:85,5,0,1
BRDA:85,5,1,5
BRDA:85,6,0,1
BRDA:85,6,1,10
BRDA:85,7,0,6
BRDA:85,7,1,5
BRDA:85,8,0,5
BRDA:85,8,1,5
BRDA:98,9,0,0
BRDA:98,9,1,0
BRDA:113,10,0,4
BRDA:113,10,1,0
BRDA:119,11,0,0
BRDA:119,11,1,0
BRDA:120,12,0,0
BRDA:120,12,1,0
BRDA:120,13,0,0
BRDA:120,13,1,0
BRDA:120,14,0,0
BRDA:120,14,1,0
BRDA:120,15,0,0
BRDA:120,15,1,0
BRDA:120,16,0,0
BRDA:120,16,1,0
BRDA:129,17,0,0
BRDA:129,17,1,0
BRDA:136,18,0,1
BRDA:136,18,1,3
BRDA:150,19,0,1
BRDA:150,19,1,0
BRDA:150,20,0,1
BRDA:150,20,1,0
BRDA:162,21,0,0
BRDA:162,21,1,4
BRDA:162,22,0,0
BRDA:162,22,1,8
BRDA:162,23,0,4
BRDA:162,23,1,4
BRDA:162,24,0,4
BRDA:162,24,1,4
BRDA:187,25,0,0
BRDA:187,25,1,0
BRDA:45,26,0,11
BRF:53
BRH:30
end_of_record
TN:
SF:src\shared\utils\errorHandling.ts
FN:69,(anonymous_2)
FN:130,(anonymous_3)
FN:147,(anonymous_4)
FN:155,(anonymous_5)
FN:162,(anonymous_6)
FNF:5
FNH:5
FNDA:6,(anonymous_2)
FNDA:6,(anonymous_3)
FNDA:1,(anonymous_4)
FNDA:2,(anonymous_5)
FNDA:1,(anonymous_6)
DA:27,6
DA:28,1
DA:71,6
DA:76,6
DA:81,2
DA:85,4
DA:86,1
DA:90,3
DA:94,0
DA:98,3
DA:99,0
DA:103,3
DA:107,0
DA:111,3
DA:112,1
DA:116,2
DA:120,1
DA:124,1
DA:134,6
DA:136,6
DA:148,1
DA:149,1
DA:156,2
DA:166,1
DA:167,1
LF:25
LH:22
BRDA:71,0,0,6
BRDA:71,0,1,0
BRDA:76,1,0,2
BRDA:76,1,1,4
BRDA:77,2,0,6
BRDA:77,2,1,4
BRDA:77,2,2,4
BRDA:85,3,0,1
BRDA:85,3,1,3
BRDA:85,4,0,4
BRDA:85,4,1,1
BRDA:90,5,0,0
BRDA:90,5,1,3
BRDA:91,6,0,3
BRDA:91,6,1,3
BRDA:98,7,0,0
BRDA:98,7,1,3
BRDA:98,8,0,3
BRDA:98,8,1,3
BRDA:103,9,0,0
BRDA:103,9,1,3
BRDA:104,10,0,3
BRDA:104,10,1,0
BRDA:111,11,0,1
BRDA:111,11,1,2
BRDA:111,12,0,3
BRDA:111,12,1,2
BRDA:116,13,0,1
BRDA:116,13,1,1
BRDA:117,14,0,2
BRDA:117,14,1,1
BRDA:164,15,0,0
BRF:32
BRH:26
end_of_record
